FlyingCrop/app/manifest-merger-release-report.txt
-- Merging decision tree log ---
manifest
ADDED from AndroidManifest.xml:2:1
	package
		ADDED from AndroidManifest.xml:3:5
		INJECTED from AndroidManifest.xml:0:0
		INJECTED from AndroidManifest.xml:0:0
	android:versionName
		ADDED from AndroidManifest.xml:4:5
		INJECTED from AndroidManifest.xml:0:0
		INJECTED from AndroidManifest.xml:0:0
	xmlns:android
		ADDED from AndroidManifest.xml:2:11
	android:versionCode
		INJECTED from AndroidManifest.xml:0:0
		INJECTED from AndroidManifest.xml:0:0
uses-permission#android.permission.SYSTEM_ALERT_WINDOW
ADDED from AndroidManifest.xml:6:5
	android:name
		ADDED from AndroidManifest.xml:6:22
uses-permission#android.permission.WRITE_EXTERNAL_STORAGE
ADDED from AndroidManifest.xml:7:5
	android:name
		ADDED from AndroidManifest.xml:7:22
uses-permission#android.permission.READ_EXTERNAL_STORAGE
ADDED from AndroidManifest.xml:8:5
	android:name
		ADDED from AndroidManifest.xml:8:22
uses-permission#android.permission.RECEIVE_BOOT_COMPLETED
ADDED from AndroidManifest.xml:9:5
	android:name
		ADDED from AndroidManifest.xml:9:22
uses-permission#android.permission.VIBRATE
ADDED from AndroidManifest.xml:10:5
	android:name
		ADDED from AndroidManifest.xml:10:22
uses-permission#android.permission.INTERNET
ADDED from AndroidManifest.xml:11:5
MERGED from com.google.android.gms:play-services-ads:7.5.0:20:5
MERGED from com.google.android.gms:play-services-analytics:7.5.0:21:5
	android:name
		ADDED from AndroidManifest.xml:11:22
uses-permission#android.permission.ACCESS_NETWORK_STATE
ADDED from AndroidManifest.xml:12:5
MERGED from com.google.android.gms:play-services-ads:7.5.0:21:5
MERGED from com.google.android.gms:play-services-analytics:7.5.0:22:5
	android:name
		ADDED from AndroidManifest.xml:12:22
uses-permission#com.android.vending.BILLING
ADDED from AndroidManifest.xml:13:5
	android:name
		ADDED from AndroidManifest.xml:13:22
application
ADDED from AndroidManifest.xml:15:5
MERGED from com.android.support:support-v4:22.0.0:22:5
MERGED from com.google.android.gms:play-services-ads:7.5.0:24:5
MERGED from com.google.android.gms:play-services-base:7.5.0:20:5
MERGED from com.android.support:support-v4:22.0.0:22:5
MERGED from com.google.android.gms:play-services-analytics:7.5.0:24:5
MERGED from com.google.android.gms:play-services-base:7.5.0:20:5
MERGED from com.android.support:support-v4:22.0.0:22:5
	android:sharedUserId
		ADDED from AndroidManifest.xml:22:9
	android:label
		ADDED from AndroidManifest.xml:18:9
	android:hardwareAccelerated
		ADDED from AndroidManifest.xml:20:9
	coreApp
		ADDED from AndroidManifest.xml:21:9
	android:allowBackup
		ADDED from AndroidManifest.xml:16:9
	android:icon
		ADDED from AndroidManifest.xml:17:9
	android:theme
		ADDED from AndroidManifest.xml:19:9
meta-data#com.google.android.gms.version
ADDED from AndroidManifest.xml:24:9
MERGED from com.google.android.gms:play-services-base:7.5.0:21:9
MERGED from com.google.android.gms:play-services-base:7.5.0:21:9
	android:value
		ADDED from AndroidManifest.xml:25:13
	android:name
		ADDED from AndroidManifest.xml:24:20
activity#com.google.android.gms.ads.AdActivity
ADDED from AndroidManifest.xml:27:9
MERGED from com.google.android.gms:play-services-ads:7.5.0:26:9
	android:configChanges
		ADDED from AndroidManifest.xml:28:13
	android:theme
		ADDED from AndroidManifest.xml:29:13
	android:name
		ADDED from AndroidManifest.xml:27:19
activity#com.flyingcrop.MainMenu
ADDED from AndroidManifest.xml:30:9
	android:label
		ADDED from AndroidManifest.xml:32:13
	android:name
		ADDED from AndroidManifest.xml:31:13
intent-filter#android.intent.action.MAIN+android.intent.category.LAUNCHER
ADDED from AndroidManifest.xml:33:13
action#android.intent.action.MAIN
ADDED from AndroidManifest.xml:34:17
	android:name
		ADDED from AndroidManifest.xml:34:25
category#android.intent.category.LAUNCHER
ADDED from AndroidManifest.xml:36:17
	android:name
		ADDED from AndroidManifest.xml:36:27
activity#com.flyingcrop.Settings
ADDED from AndroidManifest.xml:40:9
	android:label
		ADDED from AndroidManifest.xml:42:13
	android:name
		ADDED from AndroidManifest.xml:41:13
service#com.flyingcrop.NotificationService
ADDED from AndroidManifest.xml:45:9
	android:name
		ADDED from AndroidManifest.xml:45:18
service#com.flyingcrop.ButtonService
ADDED from AndroidManifest.xml:46:9
	android:windowSoftInputMode
		ADDED from AndroidManifest.xml:47:13
	android:name
		ADDED from AndroidManifest.xml:46:18
service#com.flyingcrop.FirstButton
ADDED from AndroidManifest.xml:48:9
	android:name
		ADDED from AndroidManifest.xml:48:18
service#com.flyingcrop.FirstRun
ADDED from AndroidManifest.xml:49:9
	android:name
		ADDED from AndroidManifest.xml:49:18
service#com.flyingcrop.FirstNotification
ADDED from AndroidManifest.xml:50:9
	android:name
		ADDED from AndroidManifest.xml:50:18
service#com.flyingcrop.FirstCrop
ADDED from AndroidManifest.xml:51:9
	android:name
		ADDED from AndroidManifest.xml:51:18
service#com.flyingcrop.FirstBrush
ADDED from AndroidManifest.xml:52:9
	android:name
		ADDED from AndroidManifest.xml:52:18
fragment
ADDED from AndroidManifest.xml:54:9
	android:id
		ADDED from AndroidManifest.xml:55:13
	android:name
		ADDED from AndroidManifest.xml:56:13
activity#com.flyingcrop.EasyCrop
ADDED from AndroidManifest.xml:58:9
	android:label
		ADDED from AndroidManifest.xml:61:13
	android:excludeFromRecents
		ADDED from AndroidManifest.xml:60:13
	android:theme
		ADDED from AndroidManifest.xml:62:13
	android:name
		ADDED from AndroidManifest.xml:59:13
service#com.flyingcrop.Stop
ADDED from AndroidManifest.xml:65:9
	android:enabled
		ADDED from AndroidManifest.xml:67:13
	android:exported
		ADDED from AndroidManifest.xml:68:13
	android:name
		ADDED from AndroidManifest.xml:66:13
service#com.flyingcrop.Crop
ADDED from AndroidManifest.xml:72:9
	android:enabled
		ADDED from AndroidManifest.xml:74:13
	android:exported
		ADDED from AndroidManifest.xml:75:13
	android:name
		ADDED from AndroidManifest.xml:73:13
service#com.flyingcrop.Brush
ADDED from AndroidManifest.xml:78:9
	android:hardwareAccelerated
		ADDED from AndroidManifest.xml:80:13
	android:name
		ADDED from AndroidManifest.xml:79:13
service#com.flyingcrop.RestartBrush
ADDED from AndroidManifest.xml:85:9
	android:enabled
		ADDED from AndroidManifest.xml:87:13
	android:exported
		ADDED from AndroidManifest.xml:88:13
	android:name
		ADDED from AndroidManifest.xml:86:13
receiver#com.flyingcrop.BootReciever
ADDED from AndroidManifest.xml:91:9
	android:name
		ADDED from AndroidManifest.xml:91:19
intent-filter#android.intent.action.BOOT_COMPLETED
ADDED from AndroidManifest.xml:92:13
action#android.intent.action.BOOT_COMPLETED
ADDED from AndroidManifest.xml:93:17
	android:name
		ADDED from AndroidManifest.xml:93:25
uses-sdk
INJECTED from AndroidManifest.xml:0:0 reason: use-sdk injection requested
MERGED from com.android.support:support-v4:22.0.0:20:5
MERGED from com.github.yukuku:ambilwarna:2.0:8:5
MERGED from com.google.android.gms:play-services-ads:7.5.0:23:5
MERGED from com.google.android.gms:play-services-base:7.5.0:18:5
MERGED from com.android.support:support-v4:22.0.0:20:5
MERGED from com.google.android.gms:play-services-analytics:7.5.0:18:5
MERGED from com.google.android.gms:play-services-base:7.5.0:18:5
MERGED from com.android.support:support-v4:22.0.0:20:5
	android:targetSdkVersion
		INJECTED from AndroidManifest.xml:0:0
		INJECTED from AndroidManifest.xml:0:0
	android:minSdkVersion
		INJECTED from AndroidManifest.xml:0:0
		INJECTED from AndroidManifest.xml:0:0
activity#com.google.android.gms.ads.purchase.InAppPurchaseActivity
ADDED from com.google.android.gms:play-services-ads:7.5.0:30:9
	android:theme
		ADDED from com.google.android.gms:play-services-ads:7.5.0:31:13
	android:name
		ADDED from com.google.android.gms:play-services-ads:7.5.0:30:19